Server listening on port 8080
Home page requested
Serving file: views/home.html
Home page requested
Serving file: views/home.html
Subscribe page requested
Serving file: views/subscribe.html
Home page requested
Serving file: views/home.html
Home page requested
Serving file: views/home.html
Home page requested
Serving file: views/home.html
Contact page requested
Serving file: views/contact.html
Home page requested
Serving file: views/home.html
Home page requested
Serving file: views/home.html
Home page requested
Serving file: views/home.html
Products page requested
Serving file: views/products.html
Home page requested
Serving file: views/home.html
Home page requested
Serving file: views/home.html
Home page requested
Serving file: views/home.html
Products page requested
Serving file: views/products.html
Home page requested
Serving file: views/home.html
Home page requested
Serving file: views/home.html
Home page requested
Serving file: views/home.html
About page requested
Serving file: views/about.html
Home page requested
Serving file: views/home.html
Home page requested
Serving file: views/home.html
Home page requested
Serving file: views/home.html
